<?xml version="1.0" encoding="UTF-8"?>
<!-- Generated by org.testng.reporters.JUnitXMLReporter -->
<testsuite ignored="0" hostname="LAPTOP-FAL6AE0F" failures="0" tests="5" name="Default test" time="108.584" errors="0" timestamp="2023-08-22T19:20:22 IST">
  <testcase classname="com.test.LoginTestOne" name="userOne" time="3.714"/>
  <testcase classname="com.test.LoginTestOne" name="userTwo" time="1.851"/>
  <testcase classname="com.test.LoginTestOne" name="userThree" time="1.535"/>
  <testcase classname="com.test.LoginTestOne" name="userFour" time="1.931"/>
  <testcase classname="com.test.LoginTestOne" name="userFive" time="2.224"/>
</testsuite> <!-- Default test -->
